c:\users\oferm\source\repos\c learning\processesinfo\processesinfo\x64\debug\vc143.pdb
c:\users\oferm\source\repos\c learning\processesinfo\processesinfo\x64\debug\vc143.idb
c:\users\oferm\source\repos\c learning\processesinfo\processesinfo\x64\debug\dllstruct.obj
c:\users\oferm\source\repos\c learning\processesinfo\processesinfo\x64\debug\proccesstruct.obj
c:\users\oferm\source\repos\c learning\processesinfo\processesinfo\x64\debug\processesinfo.obj
c:\users\oferm\source\repos\c learning\processesinfo\processesinfo\x64\debug\snapshot.obj
c:\users\oferm\source\repos\c learning\processesinfo\processesinfo\x64\debug\samplestruct.obj
c:\users\oferm\source\repos\c learning\processesinfo\processesinfo\x64\debug\main.obj
c:\users\oferm\source\repos\c learning\processesinfo\processesinfo\x64\debug\longsnapshot.obj
c:\users\oferm\source\repos\c learning\processesinfo\processesinfo\x64\debug\60snapshot.obj
c:\users\oferm\source\repos\c learning\processesinfo\processesinfo\x64\debug\generatehtml.obj
c:\users\oferm\source\repos\c learning\processesinfo\processesinfo\x64\debug\sortedproccesslist.obj
c:\users\oferm\source\repos\c learning\processesinfo\processesinfo\x64\debug\20snapshot.obj
c:\users\oferm\source\repos\c learning\processesinfo\processesinfo\x64\debug\log.obj
c:\users\oferm\source\repos\c learning\processesinfo\processesinfo\x64\debug\binaryfiiles.obj
c:\users\oferm\source\repos\c learning\processesinfo\x64\debug\processesinfo.exe
c:\users\oferm\source\repos\c learning\processesinfo\processesinfo\x64\debug\processesinfo.ilk
c:\users\oferm\source\repos\c learning\processesinfo\x64\debug\processesinfo.pdb
c:\users\oferm\source\repos\c learning\processesinfo\processesinfo\x64\debug\main.obj.enc
c:\users\oferm\source\repos\c learning\processesinfo\processesinfo\x64\debug\processesinfo.obj.enc
c:\users\oferm\source\repos\c learning\processesinfo\processesinfo\x64\debug\processesinfo.tlog\cl.command.1.tlog
c:\users\oferm\source\repos\c learning\processesinfo\processesinfo\x64\debug\processesinfo.tlog\cl.read.1.tlog
c:\users\oferm\source\repos\c learning\processesinfo\processesinfo\x64\debug\processesinfo.tlog\cl.write.1.tlog
c:\users\oferm\source\repos\c learning\processesinfo\processesinfo\x64\debug\processesinfo.tlog\link.command.1.tlog
c:\users\oferm\source\repos\c learning\processesinfo\processesinfo\x64\debug\processesinfo.tlog\link.read.1.tlog
c:\users\oferm\source\repos\c learning\processesinfo\processesinfo\x64\debug\processesinfo.tlog\link.write.1.tlog
