  20SnapShot.c
  GenerateHtml.c
C:\Users\oferm\source\repos\C learning\ProcessesInfo\ProcessesInfo\GenerateHtml.c(221,9): warning C4033: 'createLink' must return a value
C:\Users\oferm\source\repos\C learning\ProcessesInfo\ProcessesInfo\GenerateHtml.c(235,9): warning C4033: 'createSortSampleHtmlLink' must return a value
C:\Users\oferm\source\repos\C learning\ProcessesInfo\ProcessesInfo\GenerateHtml.c(273,66): warning C4244: 'function': conversion from 'unsigned short' to 'unsigned char', possible loss of data
C:\Users\oferm\source\repos\C learning\ProcessesInfo\ProcessesInfo\GenerateHtml.c(398,25): warning C4033: 'removeMultiplies' must return a value
C:\Users\oferm\source\repos\C learning\ProcessesInfo\ProcessesInfo\GenerateHtml.c(609,17): warning C4033: 'removeProccessMultiplies' must return a value
C:\Users\oferm\source\repos\C learning\ProcessesInfo\ProcessesInfo\GenerateHtml.c(678,25): warning C4033: 'getProccessListByDllName' must return a value
C:\Users\oferm\source\repos\C learning\ProcessesInfo\ProcessesInfo\GenerateHtml.c(774,28): warning C4477: 'sprintf' : format string '%zu' requires an argument of type 'unsigned __int64', but variadic argument 1 has type 'DWORD'
C:\Users\oferm\source\repos\C learning\ProcessesInfo\ProcessesInfo\GenerateHtml.c(774,28): message : consider using '%lu' in the format string
C:\Users\oferm\source\repos\C learning\ProcessesInfo\ProcessesInfo\GenerateHtml.c(730,14): warning C4101: 'currentDll': unreferenced local variable
  LongSnapShot.c
C:\Users\oferm\source\repos\C learning\ProcessesInfo\ProcessesInfo\LongSnapShot.c(52,7): warning C4013: 'kbhit' undefined; assuming extern returning int
C:\Users\oferm\source\repos\C learning\ProcessesInfo\ProcessesInfo\LongSnapShot.c(54,4): warning C4013: 'gets' undefined; assuming extern returning int
  ProcessesInfo.c
C:\Users\oferm\source\repos\C learning\ProcessesInfo\ProcessesInfo\ProcessesInfo.c(22,27): warning C4244: '=': conversion from 'TCHAR' to 'char', possible loss of data
C:\Users\oferm\source\repos\C learning\ProcessesInfo\ProcessesInfo\ProcessesInfo.c(49,22): warning C4244: '=': conversion from 'TCHAR' to 'char', possible loss of data
C:\Users\oferm\source\repos\C learning\ProcessesInfo\ProcessesInfo\ProcessesInfo.c(84,3): warning C4033: 'PrintMemoryInfo' must return a value
C:\Users\oferm\source\repos\C learning\ProcessesInfo\ProcessesInfo\ProcessesInfo.c(106,12): warning C4101: 'szModName': unreferenced local variable
C:\Users\oferm\source\repos\C learning\ProcessesInfo\ProcessesInfo\ProcessesInfo.c(151,11): warning C4047: 'return': 'proccessList *' differs in levels of indirection from 'int'
  SnapShot.c
  binaryFIiles.c
C:\Users\oferm\source\repos\C learning\ProcessesInfo\ProcessesInfo\binaryFIiles.c(98,3): warning C4033: 'LoadFromFile' must return a value
C:\Users\oferm\source\repos\C learning\ProcessesInfo\ProcessesInfo\binaryFIiles.c(106,3): warning C4033: 'LoadFromFile' must return a value
C:\Users\oferm\source\repos\C learning\ProcessesInfo\ProcessesInfo\binaryFIiles.c(116,4): warning C4033: 'LoadFromFile' must return a value
C:\Users\oferm\source\repos\C learning\ProcessesInfo\ProcessesInfo\binaryFIiles.c(125,4): warning C4033: 'LoadFromFile' must return a value
C:\Users\oferm\source\repos\C learning\ProcessesInfo\ProcessesInfo\binaryFIiles.c(137,5): warning C4033: 'LoadFromFile' must return a value
C:\Users\oferm\source\repos\C learning\ProcessesInfo\ProcessesInfo\binaryFIiles.c(151,6): warning C4033: 'LoadFromFile' must return a value
C:\Users\oferm\source\repos\C learning\ProcessesInfo\ProcessesInfo\binaryFIiles.c(167,5): warning C4033: 'LoadFromFile' must return a value
  dllStruct.c
C:\Users\oferm\source\repos\C learning\ProcessesInfo\ProcessesInfo\dllStruct.c(20,3): warning C4033: 'addDllItem' must return a value
  log.c
  main.c
  proccesStruct.c
C:\Users\oferm\source\repos\C learning\ProcessesInfo\ProcessesInfo\proccesStruct.c(22,4): warning C4033: 'addProccessItem' must return a value
C:\Users\oferm\source\repos\C learning\ProcessesInfo\ProcessesInfo\proccesStruct.c(164,6): warning C4033: 'SumProccesses' must return a value
C:\Users\oferm\source\repos\C learning\ProcessesInfo\ProcessesInfo\proccesStruct.c(187,7): warning C4033: 'SumProccesses' must return a value
C:\Users\oferm\source\repos\C learning\ProcessesInfo\ProcessesInfo\proccesStruct.c(258,10): warning C4033: 'SumProccesses' must return a value
  sampleStruct.c
C:\Users\oferm\source\repos\C learning\ProcessesInfo\ProcessesInfo\sampleStruct.c(23,3): warning C4033: 'addSampleItem' must return a value
C:\Users\oferm\source\repos\C learning\ProcessesInfo\ProcessesInfo\sampleStruct.c(112,5): warning C4033: 'getFullProccessListBySampleList' must return a value
  sortedProccessList.c
C:\Users\oferm\source\repos\C learning\ProcessesInfo\ProcessesInfo\sortedProccessList.c(81,3): warning C4033: 'sortByDll' must return a value
C:\Users\oferm\source\repos\C learning\ProcessesInfo\ProcessesInfo\sortedProccessList.c(114,4): warning C4033: 'makeCopySortedList' must return a value
  Generating Code...
C:\Users\oferm\source\repos\C learning\ProcessesInfo\ProcessesInfo\sortedProccessList.c(158): warning C4715: 'makeCopySortedList': not all control paths return a value
C:\Users\oferm\source\repos\C learning\ProcessesInfo\ProcessesInfo\sortedProccessList.c(100): warning C4715: 'sortByDll': not all control paths return a value
C:\Users\oferm\source\repos\C learning\ProcessesInfo\ProcessesInfo\sampleStruct.c(158): warning C4715: 'getFullProccessListBySampleList': not all control paths return a value
C:\Users\oferm\source\repos\C learning\ProcessesInfo\ProcessesInfo\sampleStruct.c(48): warning C4715: 'addSampleItem': not all control paths return a value
C:\Users\oferm\source\repos\C learning\ProcessesInfo\ProcessesInfo\proccesStruct.c(52): warning C4715: 'addProccessItem': not all control paths return a value
C:\Users\oferm\source\repos\C learning\ProcessesInfo\ProcessesInfo\proccesStruct.c(303): warning C4715: 'SumProccesses': not all control paths return a value
C:\Users\oferm\source\repos\C learning\ProcessesInfo\ProcessesInfo\dllStruct.c(42): warning C4715: 'addDllItem': not all control paths return a value
C:\Users\oferm\source\repos\C learning\ProcessesInfo\ProcessesInfo\binaryFIiles.c(181): warning C4715: 'LoadFromFile': not all control paths return a value
C:\Users\oferm\source\repos\C learning\ProcessesInfo\ProcessesInfo\ProcessesInfo.c(135): warning C4715: 'PrintMemoryInfo': not all control paths return a value
C:\Users\oferm\source\repos\C learning\ProcessesInfo\ProcessesInfo\GenerateHtml.c(226): warning C4715: 'createLink': not all control paths return a value
C:\Users\oferm\source\repos\C learning\ProcessesInfo\ProcessesInfo\GenerateHtml.c(240): warning C4715: 'createSortSampleHtmlLink': not all control paths return a value
C:\Users\oferm\source\repos\C learning\ProcessesInfo\ProcessesInfo\GenerateHtml.c(433): warning C4715: 'removeMultiplies': not all control paths return a value
C:\Users\oferm\source\repos\C learning\ProcessesInfo\ProcessesInfo\GenerateHtml.c(650): warning C4715: 'removeProccessMultiplies': not all control paths return a value
C:\Users\oferm\source\repos\C learning\ProcessesInfo\ProcessesInfo\GenerateHtml.c(723): warning C4715: 'getProccessListByDllName': not all control paths return a value
  ProcessesInfo.vcxproj -> C:\Users\oferm\source\repos\C learning\ProcessesInfo\x64\Debug\ProcessesInfo.exe
